<?xml version="1.0" encoding="UTF-8"?>
<!-- Generated by org.testng.reporters.JUnitReportReporter -->
<testsuite hostname="DESKTOP-FCUNN9C" failures="0" tests="4" name="com.testng.TestNG_Concepts.Invacation_Count" time="0.041" errors="0" timestamp="2022-02-17T07:41:26 IST" skipped="0">
  <testcase classname="com.testng.TestNG_Concepts.Invacation_Count" name="signin" time="0.004"/>
  <system-out/>
  <testcase classname="com.testng.TestNG_Concepts.Invacation_Count" name="signin" time="0.003"/>
  <system-out/>
  <testcase classname="com.testng.TestNG_Concepts.Invacation_Count" name="browserLaunch" time="0.030"/>
  <system-out/>
  <testcase classname="com.testng.TestNG_Concepts.Invacation_Count" name="signin" time="0.004"/>
  <system-out/>
</testsuite> <!-- com.testng.TestNG_Concepts.Invacation_Count -->
