<?xml version="1.0" encoding="UTF-8"?>
<!-- Generated by org.testng.reporters.JUnitReportReporter -->
<testsuite hostname="DESKTOP-FCUNN9C" failures="0" tests="1" name="com.testng.TestNG_Concepts.IgnoreTest" time="0.021" errors="0" timestamp="2022-02-17T07:39:59 IST" skipped="0">
  <testcase classname="com.testng.TestNG_Concepts.IgnoreTest" name="placeOrder" time="0.021"/>
  <system-out/>
</testsuite> <!-- com.testng.TestNG_Concepts.IgnoreTest -->
