<?xml version="1.0" encoding="UTF-8"?>
<!-- Generated by org.testng.reporters.JUnitReportReporter -->
<testsuite hostname="DESKTOP-FCUNN9C" failures="0" tests="2" name="com.testng.TestNG_Concepts.Annotations" time="0.028" errors="0" timestamp="2022-02-15T10:23:18 IST" skipped="0">
  <testcase classname="com.testng.TestNG_Concepts.Annotations" name="searchIndia" time="0.019"/>
  <system-out/>
  <testcase classname="com.testng.TestNG_Concepts.Annotations" name="searchUSA" time="0.009"/>
  <system-out/>
</testsuite> <!-- com.testng.TestNG_Concepts.Annotations -->
