<?xml version="1.0" encoding="UTF-8"?>
<!-- Generated by org.testng.reporters.JUnitReportReporter -->
<testsuite hostname="DESKTOP-FCUNN9C" failures="0" tests="1" name="com.testng.TestNG_Concepts.ParameterizedTest" time="0.026" errors="0" timestamp="2022-02-19T10:41:46 IST" skipped="0">
  <testcase classname="com.testng.TestNG_Concepts.ParameterizedTest" name="productPurchase" time="0.026"/>
  <system-out/>
</testsuite> <!-- com.testng.TestNG_Concepts.ParameterizedTest -->
