<?xml version="1.0" encoding="UTF-8"?>
<!-- Generated by org.testng.reporters.JUnitReportReporter -->
<testsuite hostname="DESKTOP-FCUNN9C" failures="0" tests="1" name="com.testng.TestNG_Concepts.AssertConcepts" time="18.207" errors="0" timestamp="2022-02-20T17:14:15 IST" skipped="0">
  <testcase classname="com.testng.TestNG_Concepts.AssertConcepts" name="logIn" time="18.207"/>
  <system-out/>
</testsuite> <!-- com.testng.TestNG_Concepts.AssertConcepts -->
