<?xml version="1.0" encoding="UTF-8"?>
<!-- Generated by org.testng.reporters.JUnitReportReporter -->
<testsuite hostname="DESKTOP-FCUNN9C" failures="0" tests="3" name="com.testng.TestNG_Concepts.PriorityTest" time="0.031" errors="0" timestamp="2022-02-17T07:40:45 IST" skipped="0">
  <testcase classname="com.testng.TestNG_Concepts.PriorityTest" name="browserLaunch" time="0.024"/>
  <system-out/>
  <testcase classname="com.testng.TestNG_Concepts.PriorityTest" name="url" time="0.003"/>
  <system-out/>
  <testcase classname="com.testng.TestNG_Concepts.PriorityTest" name="login" time="0.004"/>
  <system-out/>
</testsuite> <!-- com.testng.TestNG_Concepts.PriorityTest -->
