<?xml version="1.0" encoding="UTF-8"?>
<!-- Generated by org.testng.reporters.JUnitReportReporter -->
<testsuite hostname="DESKTOP-FCUNN9C" failures="0" tests="2" name="com.testng.TestNG_Concepts.DataProviderTest" time="0.021" errors="0" timestamp="2022-02-19T10:30:52 IST" skipped="0">
  <testcase classname="com.testng.TestNG_Concepts.DataProviderTest" name="logIn" time="0.006"/>
  <system-out/>
  <testcase classname="com.testng.TestNG_Concepts.DataProviderTest" name="logIn" time="0.015"/>
  <system-out/>
</testsuite> <!-- com.testng.TestNG_Concepts.DataProviderTest -->
