<?xml version="1.0" encoding="UTF-8"?>
<!-- Generated by org.testng.reporters.JUnitReportReporter -->
<testsuite hostname="DESKTOP-FCUNN9C" failures="0" tests="4" name="com.testng.TestNG_Concepts.DependancyTest" time="0.036" errors="0" timestamp="2022-02-17T07:38:51 IST" skipped="0">
  <testcase classname="com.testng.TestNG_Concepts.DependancyTest" name="login" time="0.003"/>
  <system-out/>
  <testcase classname="com.testng.TestNG_Concepts.DependancyTest" name="browserLaunch" time="0.027"/>
  <system-out/>
  <testcase classname="com.testng.TestNG_Concepts.DependancyTest" name="url" time="0.003"/>
  <system-out/>
  <testcase classname="com.testng.TestNG_Concepts.DependancyTest" name="search" time="0.003"/>
  <system-out/>
</testsuite> <!-- com.testng.TestNG_Concepts.DependancyTest -->
