<?xml version="1.0" encoding="UTF-8"?>
<!-- Generated by org.testng.reporters.JUnitReportReporter -->
<testsuite hostname="DESKTOP-FCUNN9C" failures="0" tests="1" name="com.testng.TestNG_Concepts.TimeOutTest" time="0.037" errors="0" timestamp="2022-03-20T19:06:05 IST" skipped="0">
  <testcase classname="com.testng.TestNG_Concepts.TimeOutTest" name="singIn" time="0.037"/>
  <system-out/>
</testsuite> <!-- com.testng.TestNG_Concepts.TimeOutTest -->
