<?xml version="1.0" encoding="UTF-8"?>
<!-- Generated by org.testng.reporters.JUnitReportReporter -->
<testsuite hostname="DESKTOP-FCUNN9C" failures="0" tests="2" name="com.testng.TestNG_Concepts.ParllelTest" time="11.958" errors="0" timestamp="2022-02-17T20:07:19 IST" skipped="0">
  <testcase classname="com.testng.TestNG_Concepts.ParllelTest" name="browserLanunch1" time="4.211"/>
  <system-out/>
  <testcase classname="com.testng.TestNG_Concepts.ParllelTest" name="browserLanunch2" time="7.747"/>
  <system-out/>
</testsuite> <!-- com.testng.TestNG_Concepts.ParllelTest -->
