<?xml version="1.0" encoding="UTF-8"?>
<!-- Generated by org.testng.reporters.JUnitReportReporter -->
<testsuite hostname="DESKTOP-FCUNN9C" failures="0" tests="4" name="com.testng.TestNG_Concepts.GroupTest" time="0.035" errors="0" timestamp="2022-02-16T11:32:45 IST" skipped="0">
  <testcase classname="com.testng.TestNG_Concepts.GroupTest" name="restApiTest" time="0.004"/>
  <system-out/>
  <testcase classname="com.testng.TestNG_Concepts.GroupTest" name="soapTest" time="0.006"/>
  <system-out/>
  <testcase classname="com.testng.TestNG_Concepts.GroupTest" name="postmanTest" time="0.004"/>
  <system-out/>
  <testcase classname="com.testng.TestNG_Concepts.GroupTest" name="jmeterTest" time="0.021"/>
  <system-out/>
</testsuite> <!-- com.testng.TestNG_Concepts.GroupTest -->
